DEBUG:root:[['b', 'c', 'd', 'e', 'f', 'g', 'h', 'i', 'j', 'k', 'l', 'm', 'n', 'o', 'p', 'q', 'r', 's', 't', 'u', 'v', 'w', 'x', 'y', 'z'], ['a', 'b', 'c', 'd', 'e', 'f', 'g', 'h', 'i', 'j', 'k', 'm', 'n', 'o', 'p', 'q', 'r', 's', 't', 'u', 'v', 'w', 'x', 'y', 'z'], ['a', 'b', 'c', 'd', 'f', 'g', 'h', 'i', 'j', 'k', 'l', 'm', 'n', 'o', 'p', 'q', 'r', 's', 't', 'u', 'v', 'w', 'x', 'y', 'z'], ['a', 'b', 'c', 'd', 'e', 'f', 'g', 'h', 'i', 'j', 'k', 'l', 'm', 'n', 'o', 'p', 'q', 's', 't', 'u', 'v', 'w', 'x', 'y', 'z'], ['a', 'b', 'c', 'd', 'e', 'f', 'g', 'h', 'i', 'j', 'k', 'l', 'm', 'n', 'o', 'p', 'q', 'r', 's', 'u', 'v', 'w', 'x', 'y', 'z']]
DEBUG:root:a
DEBUG:root:l
DEBUG:root:e
DEBUG:root:[['b', 'c', 'd', 'e', 'f', 'g', 'h', 'i', 'j', 'k', 'l', 'm', 'n', 'o', 'p', 'q', 'r', 's', 't', 'u', 'v', 'w', 'x', 'y', 'z'], ['a', 'b', 'c', 'd', 'e', 'f', 'g', 'h', 'i', 'j', 'k', 'm', 'n', 'o', 'p', 'q', 'r', 's', 't', 'u', 'v', 'w', 'x', 'y', 'z'], ['a', 'b', 'c', 'd', 'f', 'g', 'h', 'i', 'j', 'k', 'l', 'm', 'n', 'o', 'p', 'q', 'r', 's', 't', 'u', 'v', 'w', 'x', 'y', 'z'], ['a', 'b', 'c', 'd', 'e', 'f', 'g', 'h', 'i', 'j', 'k', 'l', 'm', 'n', 'o', 'p', 'q', 's', 't', 'u', 'v', 'w', 'x', 'y', 'z'], ['a', 'b', 'c', 'd', 'e', 'f', 'g', 'h', 'i', 'j', 'k', 'l', 'm', 'n', 'o', 'p', 'q', 'r', 's', 'u', 'v', 'w', 'x', 'y', 'z']]
DEBUG:root:a
DEBUG:root:l
DEBUG:root:e
DEBUG:root:r
DEBUG:root:t
DEBUG:root:a
DEBUG:root:l
DEBUG:root:e
DEBUG:root:r
DEBUG:root:t
DEBUG:root:a
DEBUG:root:l
DEBUG:root:e
DEBUG:root:r
DEBUG:root:t
DEBUG:root:[['b', 'c', 'd', 'f', 'g', 'h', 'i', 'j', 'k', 'm', 'n', 'o', 'p', 'q', 'r', 's', 't', 'u', 'v', 'w', 'x', 'y', 'z'], ['b', 'c', 'd', 'f', 'g', 'h', 'i', 'j', 'k', 'm', 'n', 'o', 'p', 'q', 'r', 's', 't', 'u', 'v', 'w', 'x', 'y', 'z'], ['b', 'c', 'd', 'f', 'g', 'h', 'i', 'j', 'k', 'm', 'n', 'o', 'p', 'q', 'r', 's', 't', 'u', 'v', 'w', 'x', 'y', 'z'], ['b', 'c', 'd', 'f', 'g', 'h', 'i', 'j', 'k', 'm', 'n', 'o', 'p', 'q', 's', 't', 'u', 'v', 'w', 'x', 'y', 'z'], ['b', 'c', 'd', 'f', 'g', 'h', 'i', 'j', 'k', 'm', 'n', 'o', 'p', 'q', 'r', 's', 'u', 'v', 'w', 'x', 'y', 'z']]
DEBUG:root:u
DEBUG:root:t
DEBUG:root:u
DEBUG:root:s
DEBUG:root:[['b', 'c', 'd', 'f', 'g', 'h', 'i', 'j', 'k', 'm', 'n', 'p', 'q', 'r', 's', 'u', 'v', 'w', 'x', 'y', 'z'], ['o'], ['r'], ['b', 'c', 'd', 'f', 'g', 'h', 'i', 'j', 'k', 'm', 'n', 'p', 'q', 's', 'u', 'v', 'w', 'x', 'y', 'z'], ['b', 'c', 'd', 'f', 'g', 'h', 'i', 'j', 'k', 'm', 'n', 'p', 'q', 'r', 's', 'u', 'v', 'w', 'x', 'y', 'z']]
DEBUG:root:a
DEBUG:root:r
DEBUG:root:o
DEBUG:root:s
DEBUG:root:a
DEBUG:root:r
DEBUG:root:o
DEBUG:root:s
DEBUG:root:a
DEBUG:root:o
DEBUG:root:s
DEBUG:root:[['b', 'c', 'd', 'f', 'g', 'h', 'i', 'j', 'k', 'l', 'm', 'n', 'o', 'p', 'q', 's', 't', 'u', 'v', 'w', 'x', 'y', 'z'], ['e'], ['b', 'c', 'd', 'f', 'g', 'h', 'i', 'j', 'k', 'l', 'm', 'n', 'o', 'p', 'q', 's', 't', 'u', 'v', 'w', 'x', 'y', 'z'], ['b', 'c', 'd', 'f', 'g', 'h', 'i', 'j', 'k', 'l', 'm', 'n', 'o', 'p', 'q', 's', 't', 'u', 'v', 'w', 'x', 'y', 'z'], ['b', 'c', 'd', 'f', 'g', 'h', 'i', 'j', 'k', 'l', 'm', 'n', 'o', 'p', 'q', 's', 't', 'u', 'v', 'w', 'x', 'y', 'z']]
